2015-12-11 16:39:32,526 INFO  o.a.b.t.s.LoggingVerboseReporter [main]: TESTNG RUNNING: Suite: "Surefire test" containing "7" Tests (config: null)
2015-12-11 16:39:32,529 INFO  test.resource.usage [main]: BrooklynLeakListener.onStart attempting to terminate all extant ManagementContexts: name=Surefire test; includedGroups=[]; excludedGroups=[Integration, Acceptance, Live, WIP, Broken]; suiteName=Surefire suite; outDir=C:\Users\Kena\workspace\Camp\camp-base\target\surefire-reports\Surefire suite: no org.apache.brooklyn.core.management.internal.LocalManagementContext available, so skipped
2015-12-11 16:39:32,537 INFO  o.a.b.t.s.LoggingVerboseReporter [main]: TESTNG INVOKING: "Surefire test" - org.apache.brooklyn.camp.spi.pdp.DeploymentPlanToyInterpreterTest.testToyInterpreter()
2015-12-11 16:39:32,603 INFO  o.a.b.c.s.p.DeploymentPlanToyInterpreterTest [main]: pre-interpreter have: {$sample:ignore=1, keep=1, mess={2=z, $sample:reset=null, $sample:ignore=z, a=$sample:foo, b=[c, $sample:caps:d], 3=$sample:caps:x, $sample:remove={3=X}}}
2015-12-11 16:39:32,641 INFO  o.a.b.c.s.p.DeploymentPlanToyInterpreterTest [main]: interpreter gives: {keep=1, mess={a=bar, b=[c, D]}}
2015-12-11 16:39:32,641 INFO  o.a.b.t.s.LoggingVerboseReporter [main]: TESTNG PASSED: "Surefire test" - org.apache.brooklyn.camp.spi.pdp.DeploymentPlanToyInterpreterTest.testToyInterpreter() finished in 105 ms
2015-12-11 16:39:32,656 INFO  o.a.b.t.s.LoggingVerboseReporter [main]: TESTNG INVOKING: "Surefire test" - org.apache.brooklyn.camp.spi.pdp.PdpYamlTest.testSimpleYamlArtifactParse()
2015-12-11 16:39:32,672 INFO  o.a.b.camp.spi.pdp.PdpYamlTest [main]: DP is:
org.apache.brooklyn.camp.spi.pdp.DeploymentPlan@6f96c77[name=sample,origin=http://www.oracle.com/nCAMP/Hand,description=Tomcat sample JSP and servlet application.,sourceCode=#
# Licensed to the Apache Software Foundation (ASF) under one
# or more contributor license agreements.  See the NOTICE file
# distributed with this work for additional information
# regarding copyright ownership.  The ASF licenses this file
# to you under the Apache License, Version 2.0 (the
# "License"); you may not use this file except in compliance
# with the License.  You may obtain a copy of the License at
#
#  http://www.apache.org/licenses/LICENSE-2.0
#
# Unless required by applicable law or agreed to in writing,
# software distributed under the License is distributed on an
# "AS IS" BASIS, WITHOUT WARRANTIES OR CONDITIONS OF ANY
# KIND, either express or implied.  See the License for the
# specific language governing permissions and limitations
# under the License.
#
name: sample
description: Tomcat sample JSP and servlet application.
origin: http://www.oracle.com/nCAMP/Hand
artifacts:
  -
    type: com.java:WAR
    content: { href: sample.war }
    name: sample WAR
    description: Tomcat sample WAR file
,artifacts=[org.apache.brooklyn.camp.spi.pdp.Artifact@3ba9ad43[name=sample WAR,description=Tomcat sample WAR file,artifactType=com.java:WAR,content=org.apache.brooklyn.camp.spi.pdp.ArtifactContent@48e4374[href=sample.war,customAttributes={}],requirements=[],customAttributes={}]],services=[],customAttributes={}]
2015-12-11 16:39:32,672 INFO  o.a.b.t.s.LoggingVerboseReporter [main]: TESTNG PASSED: "Surefire test" - org.apache.brooklyn.camp.spi.pdp.PdpYamlTest.testSimpleYamlArtifactParse() finished in 16 ms
2015-12-11 16:39:32,672 INFO  o.a.b.t.s.LoggingVerboseReporter [main]: TESTNG INVOKING: "Surefire test" - org.apache.brooklyn.camp.spi.pdp.PdpYamlTest.testSimpleYamlMatch()
2015-12-11 16:39:32,672 INFO  o.a.b.camp.spi.pdp.PdpYamlTest [main]: AT is:
org.apache.brooklyn.camp.spi.AssemblyTemplate@19bb07ed[id=DE9TfKZ9; type=AssemblyTemplate]
2015-12-11 16:39:32,672 INFO  o.a.b.t.s.LoggingVerboseReporter [main]: TESTNG PASSED: "Surefire test" - org.apache.brooklyn.camp.spi.pdp.PdpYamlTest.testSimpleYamlMatch() finished in 0 ms
2015-12-11 16:39:32,672 INFO  o.a.b.t.s.LoggingVerboseReporter [main]: TESTNG INVOKING: "Surefire test" - org.apache.brooklyn.camp.spi.pdp.PdpYamlTest.testSimpleYamlServiceParse()
2015-12-11 16:39:32,688 INFO  o.a.b.camp.spi.pdp.PdpYamlTest [main]: DP is:
org.apache.brooklyn.camp.spi.pdp.DeploymentPlan@1139b2f3[name=sample,origin=http://www.oracle.com/nCAMP/Hand,description=Tomcat sample JSP and servlet application.,sourceCode=#
# Licensed to the Apache Software Foundation (ASF) under one
# or more contributor license agreements.  See the NOTICE file
# distributed with this work for additional information
# regarding copyright ownership.  The ASF licenses this file
# to you under the Apache License, Version 2.0 (the
# "License"); you may not use this file except in compliance
# with the License.  You may obtain a copy of the License at
#
#  http://www.apache.org/licenses/LICENSE-2.0
#
# Unless required by applicable law or agreed to in writing,
# software distributed under the License is distributed on an
# "AS IS" BASIS, WITHOUT WARRANTIES OR CONDITIONS OF ANY
# KIND, either express or implied.  See the License for the
# specific language governing permissions and limitations
# under the License.
#
name: sample
description: Tomcat sample JSP and servlet application.
origin: http://www.oracle.com/nCAMP/Hand
services:
  -
    type: brooklyn:WebAppCluster
    name: Hello WAR
    wars:
        /: hello.war
    controller.spec:
        port: 80
,artifacts=[],services=[Service[name=Hello WAR,description=<null>,serviceType=brooklyn:WebAppCluster,characteristics=[],customAttributes={wars={/=hello.war}, controller.spec={port=80}}]],customAttributes={}]
2015-12-11 16:39:32,688 INFO  o.a.b.t.s.LoggingVerboseReporter [main]: TESTNG PASSED: "Surefire test" - org.apache.brooklyn.camp.spi.pdp.PdpYamlTest.testSimpleYamlServiceParse() finished in 16 ms
2015-12-11 16:39:32,688 INFO  o.a.b.t.s.LoggingVerboseReporter [main]: TESTNG INVOKING: "Surefire test" - org.apache.brooklyn.camp.test.platform.BasicCampPlatformTest.testEmptyPlatform()
2015-12-11 16:39:32,688 INFO  o.a.b.t.s.LoggingVerboseReporter [main]: TESTNG PASSED: "Surefire test" - org.apache.brooklyn.camp.test.platform.BasicCampPlatformTest.testEmptyPlatform() finished in 0 ms
2015-12-11 16:39:32,688 INFO  o.a.b.t.s.LoggingVerboseReporter [main]: TESTNG INVOKING: "Surefire test" - org.apache.brooklyn.camp.test.platform.BasicCampPlatformTest.testWarActSetup()
2015-12-11 16:39:32,688 INFO  o.a.b.t.s.LoggingVerboseReporter [main]: TESTNG PASSED: "Surefire test" - org.apache.brooklyn.camp.test.platform.BasicCampPlatformTest.testWarActSetup() finished in 0 ms
2015-12-11 16:39:32,688 INFO  o.a.b.t.s.LoggingVerboseReporter [main]: TESTNG INVOKING: "Surefire test" - org.apache.brooklyn.camp.test.platform.BasicCampPlatformTest.testWebPctSetup()
2015-12-11 16:39:32,688 INFO  o.a.b.t.s.LoggingVerboseReporter [main]: TESTNG PASSED: "Surefire test" - org.apache.brooklyn.camp.test.platform.BasicCampPlatformTest.testWebPctSetup() finished in 0 ms
2015-12-11 16:39:32,703 INFO  o.a.b.t.s.LoggingVerboseReporter [main]: TESTNG 
===============================================
    Surefire test
    Tests run: 7, Failures: 0, Skips: 0
===============================================
2015-12-11 16:39:32,703 INFO  test.resource.usage [main]: BrooklynLeakListener.onFinish attempting to terminate all extant ManagementContexts: name=Surefire test; includedGroups=[]; excludedGroups=[Integration, Acceptance, Live, WIP, Broken]; suiteName=Surefire suite; outDir=C:\Users\Kena\workspace\Camp\camp-base\target\surefire-reports\Surefire suite: no org.apache.brooklyn.core.management.internal.LocalManagementContext available, so skipped
